Added Component: Designator=5V(XH2.54M-2)
Add component (AddParameter): Name = "Chung_Loai"; Value = "C?m"; VariantName = "[No Variations]"
Add component (AddParameter): Name = "Don_Vi"; Value = "Con"; VariantName = "[No Variations]"
Add component (AddParameter): Name = "Ghi_Chu"; Value = ""; VariantName = "[No Variations]"
Add component (AddParameter): Name = "Kieu_Chan"; Value = ""; VariantName = "[No Variations]"
Add component (AddParameter): Name = "Ma_Hang"; Value = "MH001283"; VariantName = "[No Variations]"
Add component (AddParameter): Name = "Ten_Linh_Kien"; Value = "Header 2P XH2.54-2P Ð?c Th?ng"; VariantName = "[No Variations]"
Added Component: Designator=A?(Arduino nano)
Added Component: Designator=JP?(JP 1x7 CT)
Add component (AddParameter): Name = "Chung_Loai"; Value = "C?m"; VariantName = "[No Variations]"
Add component (AddParameter): Name = "Don_Vi"; Value = "Con"; VariantName = "[No Variations]"
Add component (AddParameter): Name = "Ghi_Chu"; Value = ""; VariantName = "[No Variations]"
Add component (AddParameter): Name = "Kieu_Chan"; Value = ""; VariantName = "[No Variations]"
Add component (AddParameter): Name = "Ma_Hang"; Value = "MH004006"; VariantName = "[No Variations]"
Add component (AddParameter): Name = "Ten_Linh_Kien"; Value = "Jump Ðon Cái 2.54MM 1x20P Th?ng"; VariantName = "[No Variations]"
Added Component: Designator=JP?(JP 1x5 CT)
Add component (AddParameter): Name = "Chung_Loai"; Value = "C?m"; VariantName = "[No Variations]"
Add component (AddParameter): Name = "Don_Vi"; Value = "Con"; VariantName = "[No Variations]"
Add component (AddParameter): Name = "Ghi_Chu"; Value = ""; VariantName = "[No Variations]"
Add component (AddParameter): Name = "Kieu_Chan"; Value = ""; VariantName = "[No Variations]"
Add component (AddParameter): Name = "Ma_Hang"; Value = "MH004006"; VariantName = "[No Variations]"
Add component (AddParameter): Name = "Ten_Linh_Kien"; Value = "Jump Ðon Cái 2.54MM 1x20P Th?ng"; VariantName = "[No Variations]"
Added Component: Designator=SW?(SW_70_31.5D47_TH_ST)
Add component (AddParameter): Name = "Alternate Part Number-1"; Value = "NA"; VariantName = "[No Variations]"
Add component (AddParameter): Name = "Case/Package"; Value = "TH"; VariantName = "[No Variations]"
Add component (AddParameter): Name = "Manufacturer"; Value = "Gravitech"; VariantName = "[No Variations]"
Add component (AddParameter): Name = "Manufacturer Part Number"; Value = "BUTT-4"; VariantName = "[No Variations]"
Add component (AddParameter): Name = "Supplier Part Number-1"; Value = "BUTT-4"; VariantName = "[No Variations]"
Add component (AddParameter): Name = "Supplier-1"; Value = "SP ROAD"; VariantName = "[No Variations]"
Added Pin To Net: NetName=Net5V_1 Pin=5V-1
Added Pin To Net: NetName=GND Pin=5V-2
Added Pin To Net: NetName=GND Pin=A?-3
Added Pin To Net: NetName=TX2 Pin=A?-4
Added Pin To Net: NetName=RX2 Pin=A?-5
Added Pin To Net: NetName=TX1 Pin=A?-6
Added Pin To Net: NetName=RX1 Pin=A?-7
Added Pin To Net: NetName=3V3 Pin=A?-16
Added Pin To Net: NetName=GND Pin=A?-28
Added Pin To Net: NetName=Vin Pin=A?-29
Added Pin To Net: NetName=3V3 Pin=JP?-1
Added Pin To Net: NetName=GND Pin=JP?-1
Added Pin To Net: NetName=GND Pin=JP?-2
Added Pin To Net: NetName=Vin Pin=JP?-2
Added Pin To Net: NetName=TX1 Pin=JP?-3
Added Pin To Net: NetName=RX1 Pin=JP?-4
Added Pin To Net: NetName=TX2 Pin=JP?-4
Added Pin To Net: NetName=RX2 Pin=JP?-5
Added Pin To Net: NetName=GND Pin=JP?-6
Added Pin To Net: NetName=GND Pin=JP?-7
Added Pin To Net: NetName=Vin Pin=SW?-1
Added Pin To Net: NetName=Net5V_1 Pin=SW?-2
Added Pin To Net: NetName=Vin Pin=SW?-3
Added Pin To Net: NetName=Net5V_1 Pin=SW?-4
Added Member To Class: ClassName=Sheet1 Member=Component 5V Header 2P 2.54 Duc Thang
Added Member To Class: ClassName=Sheet1 Member=Component A? Nano
Added Member To Class: ClassName=Sheet1 Member=Component JP? Lora E32
Added Member To Class: ClassName=Sheet1 Member=Component JP? Neo 6M
Added Member To Class: ClassName=Sheet1 Member=Component SW? INI PUSH BUTTON SWITCH 4-PIN
