Added Component: Designator=A?(Arduino nano)
Added Component: Designator=JP?(JP 1x5 CT)
Add component (AddParameter): Name = "Chung_Loai"; Value = "C?m"; VariantName = "[No Variations]"
Add component (AddParameter): Name = "Don_Vi"; Value = "Con"; VariantName = "[No Variations]"
Add component (AddParameter): Name = "Ghi_Chu"; Value = ""; VariantName = "[No Variations]"
Add component (AddParameter): Name = "Kieu_Chan"; Value = ""; VariantName = "[No Variations]"
Add component (AddParameter): Name = "Ma_Hang"; Value = "MH004006"; VariantName = "[No Variations]"
Add component (AddParameter): Name = "Ten_Linh_Kien"; Value = "Jump Ðon Cái 2.54MM 1x20P Th?ng"; VariantName = "[No Variations]"
Added Component: Designator=JP?(JP 1x7 CT)
Add component (AddParameter): Name = "Chung_Loai"; Value = "C?m"; VariantName = "[No Variations]"
Add component (AddParameter): Name = "Don_Vi"; Value = "Con"; VariantName = "[No Variations]"
Add component (AddParameter): Name = "Ghi_Chu"; Value = ""; VariantName = "[No Variations]"
Add component (AddParameter): Name = "Kieu_Chan"; Value = ""; VariantName = "[No Variations]"
Add component (AddParameter): Name = "Ma_Hang"; Value = "MH004006"; VariantName = "[No Variations]"
Add component (AddParameter): Name = "Ten_Linh_Kien"; Value = "Jump Ðon Cái 2.54MM 1x20P Th?ng"; VariantName = "[No Variations]"
Added Component: Designator=P?(HDR2X15_CEN)
Add component (AddParameter): Name = "CompanyID"; Value = ""; VariantName = "[No Variations]"
Add component (AddParameter): Name = "MFR"; Value = ""; VariantName = "[No Variations]"
Add component (AddParameter): Name = "MFR_URL"; Value = ""; VariantName = "[No Variations]"
Add component (AddParameter): Name = "MPN"; Value = ""; VariantName = "[No Variations]"
Add component (AddParameter): Name = "Solder"; Value = "WAVE"; VariantName = "[No Variations]"
Add component (AddParameter): Name = "Value"; Value = ""; VariantName = "[No Variations]"
Added Pin To Net: NetName=TX2 Pin=A?-4
Added Pin To Net: NetName=RX2 Pin=A?-5
Added Pin To Net: NetName=RX1 Pin=A?-6
Added Pin To Net: NetName=3V3 Pin=JP?-1
Added Pin To Net: NetName=M0 Pin=JP?-1
Added Pin To Net: NetName=3V3 Pin=JP?-2
Added Pin To Net: NetName=M0 Pin=JP?-2
Added Pin To Net: NetName=TX1 Pin=JP?-3
Added Pin To Net: NetName=RX1 Pin=JP?-4
Added Pin To Net: NetName=TX2 Pin=JP?-4
Added Pin To Net: NetName=RX2 Pin=JP?-5
Added Pin To Net: NetName=M0 Pin=JP?-6
Added Pin To Net: NetName=M0 Pin=JP?-7
Added Pin To Net: NetName=TX2 Pin=P?-5
Added Pin To Net: NetName=RX2 Pin=P?-6
Added Pin To Net: NetName=RX1 Pin=P?-7
Added Pin To Net: NetName=TX1 Pin=P?-8
Added Member To Class: ClassName=Sheet1 Member=Component A? Nano
Added Member To Class: ClassName=Sheet1 Member=Component JP? JP 1x5 2.54
Added Member To Class: ClassName=Sheet1 Member=Component JP? JP 1x7 2.54
Added Member To Class: ClassName=Sheet1 Member=Component P? Header 15X2A
