Added Component: Designator=JP(Jumper 15x1)
Added Component: Designator=JP(Jumper 15x1)
Added Pin To Net: NetName=TX1 Pin=JP-8
Added Pin To Net: NetName=RX1 Pin=JP-9
Added Pin To Net: NetName=RX2 Pin=JP-10
Added Pin To Net: NetName=TX2 Pin=JP-11
Added Pin To Net: NetName=NetA?_0 Pin=A?-0
Added Pin To Net: NetName=NetA?_0 Pin=JP-15
Added Net: Name=NetA?_0
Added Pin To Net: NetName=NetA?_1 Pin=A?-1
Added Pin To Net: NetName=NetA?_1 Pin=JP-14
Added Net: Name=NetA?_1
Added Pin To Net: NetName=NetA?_2 Pin=A?-2
Added Pin To Net: NetName=NetA?_2 Pin=JP-13
Added Net: Name=NetA?_2
Added Pin To Net: NetName=NetA?_3 Pin=A?-3
Added Pin To Net: NetName=NetA?_3 Pin=JP-12
Added Net: Name=NetA?_3
Added Pin To Net: NetName=NetA?_8 Pin=A?-8
Added Pin To Net: NetName=NetA?_8 Pin=JP-7
Added Net: Name=NetA?_8
Added Pin To Net: NetName=NetA?_9 Pin=A?-9
Added Pin To Net: NetName=NetA?_9 Pin=JP-6
Added Net: Name=NetA?_9
Added Pin To Net: NetName=NetA?_10 Pin=A?-10
Added Pin To Net: NetName=NetA?_10 Pin=JP-5
Added Net: Name=NetA?_10
Added Pin To Net: NetName=NetA?_11 Pin=A?-11
Added Pin To Net: NetName=NetA?_11 Pin=JP-4
Added Net: Name=NetA?_11
Added Pin To Net: NetName=NetA?_12 Pin=A?-12
Added Pin To Net: NetName=NetA?_12 Pin=JP-3
Added Net: Name=NetA?_12
Added Pin To Net: NetName=NetA?_13 Pin=A?-13
Added Pin To Net: NetName=NetA?_13 Pin=JP-2
Added Net: Name=NetA?_13
Added Pin To Net: NetName=NetA?_14 Pin=A?-14
Added Pin To Net: NetName=NetA?_14 Pin=JP-1
Added Net: Name=NetA?_14
Added Pin To Net: NetName=NetA?_15 Pin=A?-15
Added Pin To Net: NetName=NetA?_15 Pin=JP-15
Added Net: Name=NetA?_15
Added Pin To Net: NetName=NetA?_16 Pin=A?-16
Added Pin To Net: NetName=NetA?_16 Pin=JP-14
Added Net: Name=NetA?_16
Added Pin To Net: NetName=NetA?_17 Pin=A?-17
Added Pin To Net: NetName=NetA?_17 Pin=JP-13
Added Net: Name=NetA?_17
Added Pin To Net: NetName=NetA?_18 Pin=A?-18
Added Pin To Net: NetName=NetA?_18 Pin=JP-12
Added Net: Name=NetA?_18
Added Pin To Net: NetName=NetA?_19 Pin=A?-19
Added Pin To Net: NetName=NetA?_19 Pin=JP-11
Added Net: Name=NetA?_19
Added Pin To Net: NetName=NetA?_20 Pin=A?-20
Added Pin To Net: NetName=NetA?_20 Pin=JP-10
Added Net: Name=NetA?_20
Added Pin To Net: NetName=NetA?_21 Pin=A?-21
Added Pin To Net: NetName=NetA?_21 Pin=JP-9
Added Net: Name=NetA?_21
Added Pin To Net: NetName=NetA?_22 Pin=A?-22
Added Pin To Net: NetName=NetA?_22 Pin=JP-5
Added Net: Name=NetA?_22
Added Pin To Net: NetName=NetA?_23 Pin=A?-23
Added Pin To Net: NetName=NetA?_23 Pin=JP-6
Added Net: Name=NetA?_23
Added Pin To Net: NetName=NetA?_24 Pin=A?-24
Added Pin To Net: NetName=NetA?_24 Pin=JP-7
Added Net: Name=NetA?_24
Added Pin To Net: NetName=NetA?_25 Pin=A?-25
Added Pin To Net: NetName=NetA?_25 Pin=JP-8
Added Net: Name=NetA?_25
Added Pin To Net: NetName=NetA?_26 Pin=A?-26
Added Pin To Net: NetName=NetA?_26 Pin=JP-4
Added Net: Name=NetA?_26
Added Pin To Net: NetName=NetA?_27 Pin=A?-27
Added Pin To Net: NetName=NetA?_27 Pin=JP-3
Added Net: Name=NetA?_27
Added Pin To Net: NetName=NetA?_28 Pin=A?-28
Added Pin To Net: NetName=NetA?_28 Pin=JP-2
Added Net: Name=NetA?_28
Added Pin To Net: NetName=NetA?_29 Pin=A?-29
Added Pin To Net: NetName=NetA?_29 Pin=JP-1
Added Net: Name=NetA?_29
Added Member To Class: ClassName=Sheet1 Member=Component JP? JP 1x5 2.54
Added Member To Class: ClassName=Sheet1 Member=Component JP
Added Member To Class: ClassName=Sheet1 Member=Component JP
