Removed Pin From Net: NetName=3V3 Pin=A?-29
Added Component: Designator=H?(XH2.54M-2)
Add component (AddParameter): Name = "Chung_Loai"; Value = "C?m"; VariantName = "[No Variations]"
Add component (AddParameter): Name = "Don_Vi"; Value = "Con"; VariantName = "[No Variations]"
Add component (AddParameter): Name = "Ghi_Chu"; Value = ""; VariantName = "[No Variations]"
Add component (AddParameter): Name = "Kieu_Chan"; Value = ""; VariantName = "[No Variations]"
Add component (AddParameter): Name = "Ma_Hang"; Value = "MH001283"; VariantName = "[No Variations]"
Add component (AddParameter): Name = "Ten_Linh_Kien"; Value = "Header 2P XH2.54-2P Ð?c Th?ng"; VariantName = "[No Variations]"
Added Component: Designator=SW?(SW_70_31.5D47_TH_ST)
Add component (AddParameter): Name = "Alternate Part Number-1"; Value = "NA"; VariantName = "[No Variations]"
Add component (AddParameter): Name = "Case/Package"; Value = "TH"; VariantName = "[No Variations]"
Add component (AddParameter): Name = "Manufacturer"; Value = "Gravitech"; VariantName = "[No Variations]"
Add component (AddParameter): Name = "Manufacturer Part Number"; Value = "BUTT-4"; VariantName = "[No Variations]"
Add component (AddParameter): Name = "Supplier Part Number-1"; Value = "BUTT-4"; VariantName = "[No Variations]"
Add component (AddParameter): Name = "Supplier-1"; Value = "SP ROAD"; VariantName = "[No Variations]"
Added Pin To Net: NetName=3V3 Pin=A?-16
Added Pin To Net: NetName=GND Pin=H?-2
Added Pin To Net: NetName=3V3 Pin=SW?-1
Added Pin To Net: NetName=3V3 Pin=SW?-3
Added Pin To Net: NetName=NetH?_1 Pin=H?-1
Added Pin To Net: NetName=NetH?_1 Pin=SW?-2
Added Pin To Net: NetName=NetH?_1 Pin=SW?-4
Added Net: Name=NetH?_1
Added Member To Class: ClassName=Sheet1 Member=Component H? Header 2P 2.54 Duc Thang
Added Member To Class: ClassName=Sheet1 Member=Component JP? JP 1x5 2.54
Added Member To Class: ClassName=Sheet1 Member=Component SW? INI PUSH BUTTON SWITCH 4-PIN
