Removed Pin From Net: NetName=NetA?_14 Pin=wqe?-1
Removed Pin From Net: NetName=NetA?_13 Pin=wqe?-2
Removed Pin From Net: NetName=NetA?_12 Pin=wqe?-3
Removed Pin From Net: NetName=NetA?_11 Pin=wqe?-4
Removed Pin From Net: NetName=NetA?_10 Pin=wqe?-5
Removed Pin From Net: NetName=NetA?_9 Pin=wqe?-6
Removed Pin From Net: NetName=NetA?_8 Pin=wqe?-7
Removed Pin From Net: NetName=TX1 Pin=wqe?-8
Removed Pin From Net: NetName=RX1 Pin=wqe?-9
Removed Pin From Net: NetName=RX2 Pin=wqe?-10
Removed Pin From Net: NetName=TX2 Pin=wqe?-11
Removed Pin From Net: NetName=NetA?_3 Pin=wqe?-12
Removed Pin From Net: NetName=NetA?_2 Pin=wqe?-13
Removed Pin From Net: NetName=NetA?_1 Pin=wqe?-14
Removed Pin From Net: NetName=NetA?_0 Pin=wqe?-15
Added Component: Designator=wqe?(Jumper 15x1)
Added Pin To Net: NetName=NetA?_14 Pin=wqe?-1
Added Pin To Net: NetName=NetA?_13 Pin=wqe?-2
Added Pin To Net: NetName=NetA?_12 Pin=wqe?-3
Added Pin To Net: NetName=NetA?_11 Pin=wqe?-4
Added Pin To Net: NetName=NetA?_10 Pin=wqe?-5
Added Pin To Net: NetName=NetA?_9 Pin=wqe?-6
Added Pin To Net: NetName=NetA?_8 Pin=wqe?-7
Added Pin To Net: NetName=TX1 Pin=wqe?-8
Added Pin To Net: NetName=RX1 Pin=wqe?-9
Added Pin To Net: NetName=RX2 Pin=wqe?-10
Added Pin To Net: NetName=TX2 Pin=wqe?-11
Added Pin To Net: NetName=NetA?_3 Pin=wqe?-12
Added Pin To Net: NetName=NetA?_2 Pin=wqe?-13
Added Pin To Net: NetName=NetA?_1 Pin=wqe?-14
Added Pin To Net: NetName=NetA?_0 Pin=wqe?-15
Added Member To Class: ClassName=Sheet1 Member=Component JP? JP 1x5 2.54
