Added Component: Designator=L?(LED-3MM-YELLOW)
Add component (AddParameter): Name = "Chung_Loai"; Value = "C?m"; VariantName = "[No Variations]"
Add component (AddParameter): Name = "Don_Vi"; Value = "Con"; VariantName = "[No Variations]"
Add component (AddParameter): Name = "Ghi_Chu"; Value = ""; VariantName = "[No Variations]"
Add component (AddParameter): Name = "Kieu_Chan"; Value = ""; VariantName = "[No Variations]"
Add component (AddParameter): Name = "Ma_Hang"; Value = "MH003893"; VariantName = "[No Variations]"
Add component (AddParameter): Name = "Ten_Linh_Kien"; Value = "Led 3MM Ph? Vàng (10c)"; VariantName = "[No Variations]"
Added Component: Designator=R?(tro vach 1w)
Add component (AddParameter): Name = "Chung_Loai"; Value = "C?m"; VariantName = "[No Variations]"
Add component (AddParameter): Name = "Don_Vi"; Value = "Con"; VariantName = "[No Variations]"
Add component (AddParameter): Name = "Kieu_Chan"; Value = ""; VariantName = "[No Variations]"
Add component (AddParameter): Name = "Ma_Hang"; Value = "MH006390"; VariantName = "[No Variations]"
Add component (AddParameter): Name = "So_Chan"; Value = "2"; VariantName = "[No Variations]"
Add component (AddParameter): Name = "Ten_Linh_Kien"; Value = "Tr? 5% 1w 100R"; VariantName = "[No Variations]"
Added Pin To Net: NetName=NetA?_29 Pin=A?-29
Added Pin To Net: NetName=NetA?_29 Pin=L?-2
Added Net: Name=NetA?_29
Added Pin To Net: NetName=NetL?_1 Pin=L?-1
Added Pin To Net: NetName=NetL?_1 Pin=R?-2
Added Net: Name=NetL?_1
Added Pin To Net: NetName=NetR?_1 Pin=R?-1
Added Pin To Net: NetName=NetR?_1 Pin=SW?-1
Added Pin To Net: NetName=NetR?_1 Pin=SW?-3
Added Net: Name=NetR?_1
Added Member To Class: ClassName=Sheet1 Member=Component JP? JP 1x5 2.54
Added Member To Class: ClassName=Sheet1 Member=Component L? LED 3mm
Added Member To Class: ClassName=Sheet1 Member=Component R? 100R
