Removed Pin From Net: NetName=TX2 Pin=*-30
Removed Pin From Net: NetName=RX2 Pin=*-31
Added Component: Designator=H?(XH2.54M-8)
Add component (AddParameter): Name = "Chung_Loai"; Value = "C?m"; VariantName = "[No Variations]"
Add component (AddParameter): Name = "Don_Vi"; Value = "Con"; VariantName = "[No Variations]"
Add component (AddParameter): Name = "Ghi_Chu"; Value = ""; VariantName = "[No Variations]"
Add component (AddParameter): Name = "Kieu_Chan"; Value = ""; VariantName = "[No Variations]"
Add component (AddParameter): Name = "Ma_Hang"; Value = "MH003366"; VariantName = "[No Variations]"
Add component (AddParameter): Name = "Ten_Linh_Kien"; Value = "Header 8P XH2.54-8P Ð?c Th?ng"; VariantName = "[No Variations]"
Added Pin To Net: NetName=RX2 Pin=*-9
Added Pin To Net: NetName=TX2 Pin=*-10
Added Pin To Net: NetName=M0 Pin=H?-6
Added Pin To Net: NetName=+3 Pin=H?-8
Added Pin To Net: NetName=Miso Pin=*-31
Added Pin To Net: NetName=Miso Pin=H?-4
Added Net: Name=Miso
Added Pin To Net: NetName=Mosi Pin=*-37
Added Pin To Net: NetName=Mosi Pin=H?-3
Added Net: Name=Mosi
Added Pin To Net: NetName=Reset Pin=*-25
Added Pin To Net: NetName=Reset Pin=H?-7
Added Net: Name=Reset
Added Pin To Net: NetName=SCK Pin=*-30
Added Pin To Net: NetName=SCK Pin=H?-2
Added Net: Name=SCK
Added Pin To Net: NetName=SDA1 Pin=*-29
Added Pin To Net: NetName=SDA1 Pin=H?-1
Added Net: Name=SDA1
Added Member To Class: ClassName=Sheet2 Member=Component * ESP32 DEV KIT
Added Member To Class: ClassName=Sheet2 Member=Component ? Header 2P 2.54 Duc Thang
Added Member To Class: ClassName=Sheet2 Member=Component H? Oled
Added Member To Class: ClassName=Sheet2 Member=Component H? Header 8P 2.54 Duc Thang
Added Member To Class: ClassName=Sheet2 Member=Component JP? Lora E32
Added Member To Class: ClassName=Sheet2 Member=Component SW? INI PUSH BUTTON SWITCH 4-PIN
