Added Component: Designator=*(ESP32 DEVKIT)
Added Component: Designator=?(XH2.54M-2)
Add component (AddParameter): Name = "Chung_Loai"; Value = "C?m"; VariantName = "[No Variations]"
Add component (AddParameter): Name = "Don_Vi"; Value = "Con"; VariantName = "[No Variations]"
Add component (AddParameter): Name = "Ghi_Chu"; Value = ""; VariantName = "[No Variations]"
Add component (AddParameter): Name = "Kieu_Chan"; Value = ""; VariantName = "[No Variations]"
Add component (AddParameter): Name = "Ma_Hang"; Value = "MH001283"; VariantName = "[No Variations]"
Add component (AddParameter): Name = "Ten_Linh_Kien"; Value = "Header 2P XH2.54-2P Ð?c Th?ng"; VariantName = "[No Variations]"
Added Component: Designator=H?(VH3.96M-4)
Add component (AddParameter): Name = "Chung_Loai"; Value = "C?m"; VariantName = "[No Variations]"
Add component (AddParameter): Name = "Don_Vi"; Value = "Con"; VariantName = "[No Variations]"
Add component (AddParameter): Name = "Ghi_Chu"; Value = ""; VariantName = "[No Variations]"
Add component (AddParameter): Name = "Kieu_Chan"; Value = ""; VariantName = "[No Variations]"
Add component (AddParameter): Name = "Ma_Hang"; Value = "MH001285"; VariantName = "[No Variations]"
Add component (AddParameter): Name = "Ten_Linh_Kien"; Value = "Header 4P XH2.54-4P Ð?c Th?ng"; VariantName = "[No Variations]"
Added Component: Designator=H?(XH2.54M-8)
Add component (AddParameter): Name = "Chung_Loai"; Value = "C?m"; VariantName = "[No Variations]"
Add component (AddParameter): Name = "Don_Vi"; Value = "Con"; VariantName = "[No Variations]"
Add component (AddParameter): Name = "Ghi_Chu"; Value = ""; VariantName = "[No Variations]"
Add component (AddParameter): Name = "Kieu_Chan"; Value = ""; VariantName = "[No Variations]"
Add component (AddParameter): Name = "Ma_Hang"; Value = "MH003366"; VariantName = "[No Variations]"
Add component (AddParameter): Name = "Ten_Linh_Kien"; Value = "Header 8P XH2.54-8P Ð?c Th?ng"; VariantName = "[No Variations]"
Added Component: Designator=JP?(JP 1x7 CT)
Add component (AddParameter): Name = "Chung_Loai"; Value = "C?m"; VariantName = "[No Variations]"
Add component (AddParameter): Name = "Don_Vi"; Value = "Con"; VariantName = "[No Variations]"
Add component (AddParameter): Name = "Ghi_Chu"; Value = ""; VariantName = "[No Variations]"
Add component (AddParameter): Name = "Kieu_Chan"; Value = ""; VariantName = "[No Variations]"
Add component (AddParameter): Name = "Ma_Hang"; Value = "MH004006"; VariantName = "[No Variations]"
Add component (AddParameter): Name = "Ten_Linh_Kien"; Value = "Jump Ðon Cái 2.54MM 1x20P Th?ng"; VariantName = "[No Variations]"
Added Component: Designator=SW?(SW_70_31.5D47_TH_ST)
Add component (AddParameter): Name = "Alternate Part Number-1"; Value = "NA"; VariantName = "[No Variations]"
Add component (AddParameter): Name = "Case/Package"; Value = "TH"; VariantName = "[No Variations]"
Add component (AddParameter): Name = "Manufacturer"; Value = "Gravitech"; VariantName = "[No Variations]"
Add component (AddParameter): Name = "Manufacturer Part Number"; Value = "BUTT-4"; VariantName = "[No Variations]"
Add component (AddParameter): Name = "Supplier Part Number-1"; Value = "BUTT-4"; VariantName = "[No Variations]"
Add component (AddParameter): Name = "Supplier-1"; Value = "SP ROAD"; VariantName = "[No Variations]"
Added Pin To Net: NetName=+3 Pin=*-1
Added Pin To Net: NetName=+3 Pin=H?-3
Added Pin To Net: NetName=+3 Pin=H?-8
Added Net: Name=+3
Added Pin To Net: NetName=+5 Pin=*-19
Added Pin To Net: NetName=+5 Pin=JP?-2
Added Pin To Net: NetName=+5 Pin=SW?-1
Added Pin To Net: NetName=+5 Pin=SW?-3
Added Net: Name=+5
Added Pin To Net: NetName=M0 Pin=*-14
Added Pin To Net: NetName=M0 Pin=*-32
Added Pin To Net: NetName=M0 Pin=*-38
Added Pin To Net: NetName=M0 Pin=?-2
Added Pin To Net: NetName=M0 Pin=H?-4
Added Pin To Net: NetName=M0 Pin=H?-6
Added Pin To Net: NetName=M0 Pin=JP?-1
Added Pin To Net: NetName=M0 Pin=JP?-6
Added Pin To Net: NetName=M0 Pin=JP?-7
Added Net: Name=M0
Added Pin To Net: NetName=Miso Pin=*-31
Added Pin To Net: NetName=Miso Pin=H?-4
Added Net: Name=Miso
Added Pin To Net: NetName=Mosi Pin=*-37
Added Pin To Net: NetName=Mosi Pin=H?-3
Added Net: Name=Mosi
Added Pin To Net: NetName=Net?_1 Pin=?-1
Added Pin To Net: NetName=Net?_1 Pin=SW?-2
Added Pin To Net: NetName=Net?_1 Pin=SW?-4
Added Net: Name=Net?_1
Added Pin To Net: NetName=Reset Pin=*-25
Added Pin To Net: NetName=Reset Pin=H?-7
Added Net: Name=Reset
Added Pin To Net: NetName=RX2 Pin=*-9
Added Pin To Net: NetName=RX2 Pin=JP?-5
Added Net: Name=RX2
Added Pin To Net: NetName=SCK Pin=*-30
Added Pin To Net: NetName=SCK Pin=H?-2
Added Net: Name=SCK
Added Pin To Net: NetName=SCL Pin=*-36
Added Pin To Net: NetName=SCL Pin=H?-2
Added Net: Name=SCL
Added Pin To Net: NetName=SDA1 Pin=*-29
Added Pin To Net: NetName=SDA1 Pin=H?-1
Added Net: Name=SDA1
Added Pin To Net: NetName=SDA Pin=*-33
Added Pin To Net: NetName=SDA Pin=H?-1
Added Net: Name=SDA
Added Pin To Net: NetName=TX2 Pin=*-10
Added Pin To Net: NetName=TX2 Pin=JP?-4
Added Net: Name=TX2
Added Class: Name=Sheet2
Added Room: Name=Sheet2
